-------------------------------------------------------------------------------
Test set: com.tts.ecommerce.EcommerceApplicationTests
-------------------------------------------------------------------------------
Tests run: 1, Failures: 0, Errors: 1, Skipped: 0, Time elapsed: 0.235 s <<< FAILURE! - in com.tts.ecommerce.EcommerceApplicationTests
com.tts.ecommerce.EcommerceApplicationTests  Time elapsed: 0.234 s  <<< ERROR!
java.lang.IllegalStateException: Unable to find a @SpringBootConfiguration, you need to use @ContextConfiguration or @SpringBootTest(classes=...) with your test

